[INFO] Scanning for projects...
[INFO] 
[INFO] -------------------< com.mommyshops:mommyshops-app >--------------------
[INFO] Building Mommyshops Application 0.0.1-SNAPSHOT
[INFO]   from pom.xml
[INFO] --------------------------------[ jar ]---------------------------------
[INFO] 
[INFO] >>> spring-boot:3.4.0:run (default-cli) > test-compile @ mommyshops-app >>>
[INFO] 
[INFO] --- resources:3.3.1:resources (default-resources) @ mommyshops-app ---
[INFO] Copying 7 resources from src/main/resources to target/classes
[INFO] Copying 2 resources from src/main/resources to target/classes
[INFO] 
[INFO] --- vaadin:24.7.13:prepare-frontend (default) @ mommyshops-app ---
[INFO] Reflections took 647 ms to scan 289 urls, producing 14950 keys and 75611 values
[INFO] Visited 102 classes. Took 53 ms.
[INFO] Copying frontend resources from jar files ...
[INFO] Visited 274 resources. Took 75 ms.
[INFO] 
[INFO] --- compiler:3.13.0:compile (default-compile) @ mommyshops-app ---
[INFO] Nothing to compile - all classes are up to date.
[INFO] 
[INFO] --- vaadin:24.7.13:build-frontend (default) @ mommyshops-app ---
[INFO] Reflections took 558 ms to scan 289 urls, producing 14950 keys and 75611 values
[INFO] Scanning classes to find frontend configurations and dependencies...
[INFO] Visited 7180 classes. Took 1348 ms.
[INFO] Checking if a production mode bundle build is needed
[INFO] A production mode bundle build is not needed
[INFO] Copying frontend resources from jar files ...
[INFO] Visited 274 resources. Took 59 ms.
[INFO] PWA icons generated
[INFO] Scanning classes to find frontend configurations and dependencies...
[INFO] Visited 7180 classes. Took 1149 ms.
[INFO] Build frontend completed in 3425 ms.
[INFO] 
[INFO] --- resources:3.3.1:testResources (default-testResources) @ mommyshops-app ---
[INFO] skip non existing resourceDirectory /Users/arielsanroj/Mommyshops/mommyshops/mommyshops-app/src/test/resources
[INFO] 
[INFO] --- compiler:3.13.0:testCompile (default-testCompile) @ mommyshops-app ---
[INFO] No sources to compile
[INFO] 
[INFO] <<< spring-boot:3.4.0:run (default-cli) < test-compile @ mommyshops-app <<<
[INFO] 
[INFO] 
[INFO] --- spring-boot:3.4.0:run (default-cli) @ mommyshops-app ---
[INFO] ------------------------------------------------------------------------
[INFO] BUILD SUCCESS
[INFO] ------------------------------------------------------------------------
[INFO] Total time:  6.208 s
[INFO] Finished at: 2025-10-19T08:26:41-05:00
[INFO] ------------------------------------------------------------------------
